
===========================================================================
report_checks -unconstrained
===========================================================================
======================= Typical Corner ===================================

Startpoint: wb_rst_i (input port clocked by clk)
Endpoint: _120_ (recovery check against rising-edge clock clk)
Path Group: asynchronous
Path Type: max

Fanout     Cap    Slew   Delay    Time   Description
-----------------------------------------------------------------------------
                          0.00    0.00   clock clk (rise edge)
                          5.57    5.57   clock network delay (propagated)
                         12.50   18.07 v input external delay
                  0.00    0.00   18.07 v wb_rst_i (in)
    18    0.08                           wb_rst_i (net)
                  0.00    0.00   18.07 v _063_/A (sky130_fd_sc_hd__inv_2)
                  0.02    0.03   18.10 ^ _063_/Y (sky130_fd_sc_hd__inv_2)
     1    0.00                           _018_ (net)
                  0.02    0.00   18.10 ^ _120_/RESET_B (sky130_fd_sc_hd__dfrtp_2)
                                 18.10   data arrival time

                         25.00   25.00   clock clk (rise edge)
                          4.65   29.65   clock source latency
                  0.61    0.00   29.65 ^ wb_clk_i (in)
    18    0.03                           wb_clk_i (net)
                  0.61    0.00   29.65 ^ _120_/CLK (sky130_fd_sc_hd__dfrtp_2)
                         -0.25   29.40   clock uncertainty
                          0.00   29.40   clock reconvergence pessimism
                          0.38   29.78   library recovery time
                                 29.78   data required time
-----------------------------------------------------------------------------
                                 29.78   data required time
                                -18.10   data arrival time
-----------------------------------------------------------------------------
                                 11.68   slack (MET)


Startpoint: _124_ (rising edge-triggered flip-flop clocked by clk)
Endpoint: _120_ (rising edge-triggered flip-flop clocked by clk)
Path Group: clk
Path Type: max

Fanout     Cap    Slew   Delay    Time   Description
-----------------------------------------------------------------------------
                          0.00    0.00   clock clk (rise edge)
                          5.57    5.57   clock source latency
                  0.61    0.00    5.57 ^ wb_clk_i (in)
    18    0.03                           wb_clk_i (net)
                  0.61    0.00    5.57 ^ _124_/CLK (sky130_fd_sc_hd__dfrtp_2)
                  0.07    0.59    6.16 v _124_/Q (sky130_fd_sc_hd__dfrtp_2)
     4    0.01                           counter[2] (net)
                  0.07    0.00    6.16 v _064_/A2 (sky130_fd_sc_hd__a211o_2)
                  0.05    0.34    6.50 v _064_/X (sky130_fd_sc_hd__a211o_2)
     1    0.00                           _038_ (net)
                  0.05    0.00    6.50 v _066_/A1 (sky130_fd_sc_hd__a211o_2)
                  0.05    0.31    6.80 v _066_/X (sky130_fd_sc_hd__a211o_2)
     1    0.00                           _040_ (net)
                  0.05    0.00    6.80 v _067_/A3 (sky130_fd_sc_hd__a311oi_2)
                  0.22    0.29    7.10 ^ _067_/Y (sky130_fd_sc_hd__a311oi_2)
     2    0.00                           _041_ (net)
                  0.22    0.00    7.10 ^ _069_/A2 (sky130_fd_sc_hd__o211a_2)
                  0.04    0.20    7.29 ^ _069_/X (sky130_fd_sc_hd__o211a_2)
     1    0.00                           _000_ (net)
                  0.04    0.00    7.29 ^ _120_/D (sky130_fd_sc_hd__dfrtp_2)
                                  7.29   data arrival time

                         25.00   25.00   clock clk (rise edge)
                          4.65   29.65   clock source latency
                  0.61    0.00   29.65 ^ wb_clk_i (in)
    18    0.03                           wb_clk_i (net)
                  0.61    0.00   29.65 ^ _120_/CLK (sky130_fd_sc_hd__dfrtp_2)
                         -0.25   29.40   clock uncertainty
                          0.92   30.32   clock reconvergence pessimism
                          0.01   30.33   library setup time
                                 30.33   data required time
-----------------------------------------------------------------------------
                                 30.33   data required time
                                 -7.29   data arrival time
-----------------------------------------------------------------------------
                                 23.04   slack (MET)




===========================================================================
report_checks --slack_max -0.01
============================================================================
======================= Typical Corner ===================================

No paths found.


===========================================================================
 report_check_types -max_slew -max_cap -max_fanout -violators
============================================================================
======================= Typical Corner ===================================

max fanout

Pin                                   Limit Fanout  Slack
---------------------------------------------------------
wb_clk_i                                 16     18     -2 (VIOLATED)
wb_rst_i                                 16     18     -2 (VIOLATED)



===========================================================================
report_parasitic_annotation -report_unannotated
============================================================================
Found 80 unannotated drivers.
 wb_clk_i
 wb_rst_i
 _060_/Y
 _061_/Y
 _062_/Y
 _063_/Y
 _064_/X
 _065_/X
 _066_/X
 _067_/Y
 _068_/X
 _069_/X
 _070_/Y
 _071_/X
 _072_/X
 _073_/Y
 _074_/X
 _075_/X
 _076_/X
 _077_/X
 _078_/X
 _079_/X
 _080_/Y
 _081_/Y
 _082_/X
 _083_/X
 _084_/Y
 _085_/X
 _086_/X
 _087_/Y
 _088_/X
 _089_/Y
 _090_/X
 _091_/X
 _092_/Y
 _093_/X
 _094_/X
 _095_/X
 _096_/X
 _097_/Y
 _098_/X
 _099_/Y
 _100_/X
 _101_/Y
 _102_/Y
 _103_/Y
 _104_/Y
 _105_/Y
 _106_/Y
 _107_/Y
 _108_/Y
 _109_/Y
 _110_/Y
 _111_/Y
 _112_/Y
 _113_/Y
 _114_/Y
 _115_/Y
 _116_/Y
 _117_/Y
 _118_/Y
 _119_/Y
 _120_/Q
 _121_/Q
 _122_/Q
 _123_/Q
 _124_/Q
 _125_/Q
 _126_/Q
 _127_/Q
 _128_/Q
 _129_/Q
 _130_/Q
 _131_/Q
 _132_/Q
 _133_/Q
 _134_/Q
 _135_/Q
 _136_/Q
 _137_/Q
Found 0 partially unannotated drivers.

===========================================================================
max slew violation count 0
max fanout violation count 2
max cap violation count 0
============================================================================

===========================================================================
check_setup -verbose -unconstrained_endpoints -multiple_clock -no_clock -no_input_delay -loops -generated_clocks
===========================================================================
Warning: There are 2 unconstrained endpoints.
  analog_io[0]
  analog_io[1]
